2016-06-14 20:21:33: -- Analysis Started by User
2016-06-14 20:26:03: R: State file does not exist: /Users/crystark/Desktop/test/_gsdata_/_file_state_v4._gs
2016-06-14 20:26:03: Changes: 488, Conflicts: 0, CopyTime: 0, CopyState: 0/0, Errors: 0, All: 500
2016-06-14 20:26:03: Left to Right: Copy File: 488 
2016-06-14 20:26:03: -- Analysis Complete. Time 00:04:35, Speed: 14 files/s
2016-06-14 20:26:03: 
2016-06-14 20:28:18: New _gsdata_ folder(s) created, so rescan all job folders for their ghosts
2016-06-14 20:28:18: == Sync Started by User
2016-06-14 20:28:22: Create Folder '/Users/crystark/Desktop/test/.git'
2016-06-14 20:28:22: Create Folder '/Users/crystark/Desktop/test/.git/branches'
2016-06-14 20:28:22: Create Folder '/Users/crystark/Desktop/test/.git/hooks'
2016-06-14 20:28:22: Create Folder '/Users/crystark/Desktop/test/.git/info'
2016-06-14 20:28:22: Create Folder '/Users/crystark/Desktop/test/.git/logs'
2016-06-14 20:28:22: Create Folder '/Users/crystark/Desktop/test/.git/logs/refs'
2016-06-14 20:28:22: Create Folder '/Users/crystark/Desktop/test/.git/logs/refs/heads'
2016-06-14 20:28:22: Create Folder '/Users/crystark/Desktop/test/.git/logs/refs/remotes'
2016-06-14 20:28:22: Create Folder '/Users/crystark/Desktop/test/.git/logs/refs/remotes/origin'
2016-06-14 20:28:22: Create Folder '/Users/crystark/Desktop/test/.git/objects'
2016-06-14 20:28:22: Create Folder '/Users/crystark/Desktop/test/.git/objects/03'
2016-06-14 20:28:22: Create Folder '/Users/crystark/Desktop/test/.git/objects/06'
2016-06-14 20:28:22: Create Folder '/Users/crystark/Desktop/test/.git/objects/08'
2016-06-14 20:28:22: Create Folder '/Users/crystark/Desktop/test/.git/objects/0c'
2016-06-14 20:28:22: Create Folder '/Users/crystark/Desktop/test/.git/objects/0d'
2016-06-14 20:28:22: Create Folder '/Users/crystark/Desktop/test/.git/objects/0e'
2016-06-14 20:28:22: Create Folder '/Users/crystark/Desktop/test/.git/objects/0f'
2016-06-14 20:28:22: Create Folder '/Users/crystark/Desktop/test/.git/objects/11'
2016-06-14 20:28:22: Create Folder '/Users/crystark/Desktop/test/.git/objects/12'
2016-06-14 20:28:22: Create Folder '/Users/crystark/Desktop/test/.git/objects/15'
2016-06-14 20:28:22: Create Folder '/Users/crystark/Desktop/test/.git/objects/16'
2016-06-14 20:28:22: Create Folder '/Users/crystark/Desktop/test/.git/objects/1c'
2016-06-14 20:28:22: Create Folder '/Users/crystark/Desktop/test/.git/objects/1e'
2016-06-14 20:28:22: Create Folder '/Users/crystark/Desktop/test/.git/objects/1f'
2016-06-14 20:28:22: Create Folder '/Users/crystark/Desktop/test/.git/objects/20'
2016-06-14 20:28:22: Create Folder '/Users/crystark/Desktop/test/.git/objects/21'
2016-06-14 20:28:22: Create Folder '/Users/crystark/Desktop/test/.git/objects/22'
2016-06-14 20:28:22: Create Folder '/Users/crystark/Desktop/test/.git/objects/24'
2016-06-14 20:28:22: Create Folder '/Users/crystark/Desktop/test/.git/objects/26'
2016-06-14 20:28:22: Create Folder '/Users/crystark/Desktop/test/.git/objects/27'
2016-06-14 20:28:22: Create Folder '/Users/crystark/Desktop/test/.git/objects/2c'
2016-06-14 20:28:22: Create Folder '/Users/crystark/Desktop/test/.git/objects/2d'
2016-06-14 20:28:22: Create Folder '/Users/crystark/Desktop/test/.git/objects/2f'
2016-06-14 20:28:22: Create Folder '/Users/crystark/Desktop/test/.git/objects/30'
2016-06-14 20:28:22: Create Folder '/Users/crystark/Desktop/test/.git/objects/32'
2016-06-14 20:28:22: Create Folder '/Users/crystark/Desktop/test/.git/objects/33'
2016-06-14 20:28:22: Create Folder '/Users/crystark/Desktop/test/.git/objects/37'
2016-06-14 20:28:22: Create Folder '/Users/crystark/Desktop/test/.git/objects/38'
2016-06-14 20:28:22: Create Folder '/Users/crystark/Desktop/test/.git/objects/3c'
2016-06-14 20:28:22: Create Folder '/Users/crystark/Desktop/test/.git/objects/3f'
2016-06-14 20:28:22: Create Folder '/Users/crystark/Desktop/test/.git/objects/40'
2016-06-14 20:28:22: Create Folder '/Users/crystark/Desktop/test/.git/objects/41'
2016-06-14 20:28:22: Create Folder '/Users/crystark/Desktop/test/.git/objects/44'
2016-06-14 20:28:22: Create Folder '/Users/crystark/Desktop/test/.git/objects/45'
2016-06-14 20:28:22: Create Folder '/Users/crystark/Desktop/test/.git/objects/46'
2016-06-14 20:28:22: Create Folder '/Users/crystark/Desktop/test/.git/objects/4f'
2016-06-14 20:28:22: Create Folder '/Users/crystark/Desktop/test/.git/objects/52'
2016-06-14 20:28:22: Create Folder '/Users/crystark/Desktop/test/.git/objects/54'
2016-06-14 20:28:22: Create Folder '/Users/crystark/Desktop/test/.git/objects/55'
2016-06-14 20:28:22: Create Folder '/Users/crystark/Desktop/test/.git/objects/56'
2016-06-14 20:28:22: Create Folder '/Users/crystark/Desktop/test/.git/objects/57'
2016-06-14 20:28:22: Create Folder '/Users/crystark/Desktop/test/.git/objects/5b'
2016-06-14 20:28:22: Create Folder '/Users/crystark/Desktop/test/.git/objects/5d'
2016-06-14 20:28:22: Create Folder '/Users/crystark/Desktop/test/.git/objects/60'
2016-06-14 20:28:22: Create Folder '/Users/crystark/Desktop/test/.git/objects/61'
2016-06-14 20:28:22: Create Folder '/Users/crystark/Desktop/test/.git/objects/62'
2016-06-14 20:28:22: Create Folder '/Users/crystark/Desktop/test/.git/objects/63'
2016-06-14 20:28:22: Create Folder '/Users/crystark/Desktop/test/.git/objects/6b'
2016-06-14 20:28:22: Create Folder '/Users/crystark/Desktop/test/.git/objects/6d'
2016-06-14 20:28:22: Create Folder '/Users/crystark/Desktop/test/.git/objects/6e'
2016-06-14 20:28:22: Create Folder '/Users/crystark/Desktop/test/.git/objects/6f'
2016-06-14 20:28:22: Create Folder '/Users/crystark/Desktop/test/.git/objects/71'
2016-06-14 20:28:22: Create Folder '/Users/crystark/Desktop/test/.git/objects/72'
2016-06-14 20:28:22: Create Folder '/Users/crystark/Desktop/test/.git/objects/76'
2016-06-14 20:28:22: Create Folder '/Users/crystark/Desktop/test/.git/objects/78'
2016-06-14 20:28:22: Create Folder '/Users/crystark/Desktop/test/.git/objects/79'
2016-06-14 20:28:22: Create Folder '/Users/crystark/Desktop/test/.git/objects/7a'
2016-06-14 20:28:22: Create Folder '/Users/crystark/Desktop/test/.git/objects/7b'
2016-06-14 20:28:22: Create Folder '/Users/crystark/Desktop/test/.git/objects/7d'
2016-06-14 20:28:22: Create Folder '/Users/crystark/Desktop/test/.git/objects/80'
2016-06-14 20:28:22: Create Folder '/Users/crystark/Desktop/test/.git/objects/82'
2016-06-14 20:28:22: Create Folder '/Users/crystark/Desktop/test/.git/objects/83'
2016-06-14 20:28:22: Create Folder '/Users/crystark/Desktop/test/.git/objects/87'
2016-06-14 20:28:22: Create Folder '/Users/crystark/Desktop/test/.git/objects/89'
2016-06-14 20:28:22: Create Folder '/Users/crystark/Desktop/test/.git/objects/8a'
2016-06-14 20:28:22: Create Folder '/Users/crystark/Desktop/test/.git/objects/8b'
2016-06-14 20:28:22: Create Folder '/Users/crystark/Desktop/test/.git/objects/8e'
2016-06-14 20:28:22: Create Folder '/Users/crystark/Desktop/test/.git/objects/92'
2016-06-14 20:28:22: Create Folder '/Users/crystark/Desktop/test/.git/objects/93'
2016-06-14 20:28:22: Create Folder '/Users/crystark/Desktop/test/.git/objects/94'
2016-06-14 20:28:22: Create Folder '/Users/crystark/Desktop/test/.git/objects/95'
2016-06-14 20:28:22: Create Folder '/Users/crystark/Desktop/test/.git/objects/96'
2016-06-14 20:28:22: Create Folder '/Users/crystark/Desktop/test/.git/objects/99'
2016-06-14 20:28:22: Create Folder '/Users/crystark/Desktop/test/.git/objects/9b'
2016-06-14 20:28:22: Create Folder '/Users/crystark/Desktop/test/.git/objects/9c'
2016-06-14 20:28:22: Create Folder '/Users/crystark/Desktop/test/.git/objects/9f'
2016-06-14 20:28:22: Create Folder '/Users/crystark/Desktop/test/.git/objects/a0'
2016-06-14 20:28:22: Create Folder '/Users/crystark/Desktop/test/.git/objects/a2'
2016-06-14 20:28:22: Create Folder '/Users/crystark/Desktop/test/.git/objects/a4'
2016-06-14 20:28:22: Create Folder '/Users/crystark/Desktop/test/.git/objects/a5'
2016-06-14 20:28:22: Create Folder '/Users/crystark/Desktop/test/.git/objects/a7'
2016-06-14 20:28:22: Create Folder '/Users/crystark/Desktop/test/.git/objects/a8'
2016-06-14 20:28:22: Create Folder '/Users/crystark/Desktop/test/.git/objects/a9'
2016-06-14 20:28:22: Create Folder '/Users/crystark/Desktop/test/.git/objects/ad'
2016-06-14 20:28:22: Create Folder '/Users/crystark/Desktop/test/.git/objects/b0'
2016-06-14 20:28:22: Create Folder '/Users/crystark/Desktop/test/.git/objects/b1'
2016-06-14 20:28:22: Create Folder '/Users/crystark/Desktop/test/.git/objects/b3'
2016-06-14 20:28:22: Create Folder '/Users/crystark/Desktop/test/.git/objects/b4'
2016-06-14 20:28:22: Create Folder '/Users/crystark/Desktop/test/.git/objects/b5'
2016-06-14 20:28:22: Create Folder '/Users/crystark/Desktop/test/.git/objects/b6'
2016-06-14 20:28:22: Create Folder '/Users/crystark/Desktop/test/.git/objects/ba'
2016-06-14 20:28:22: Create Folder '/Users/crystark/Desktop/test/.git/objects/bd'
2016-06-14 20:28:22: Create Folder '/Users/crystark/Desktop/test/.git/objects/be'
2016-06-14 20:28:22: Create Folder '/Users/crystark/Desktop/test/.git/objects/bf'
2016-06-14 20:28:22: Create Folder '/Users/crystark/Desktop/test/.git/objects/c0'
2016-06-14 20:28:22: Create Folder '/Users/crystark/Desktop/test/.git/objects/c3'
2016-06-14 20:28:22: Create Folder '/Users/crystark/Desktop/test/.git/objects/c9'
2016-06-14 20:28:22: Create Folder '/Users/crystark/Desktop/test/.git/objects/ca'
2016-06-14 20:28:22: Create Folder '/Users/crystark/Desktop/test/.git/objects/cf'
2016-06-14 20:28:22: Create Folder '/Users/crystark/Desktop/test/.git/objects/d0'
2016-06-14 20:28:22: Create Folder '/Users/crystark/Desktop/test/.git/objects/d1'
2016-06-14 20:28:22: Create Folder '/Users/crystark/Desktop/test/.git/objects/d6'
2016-06-14 20:28:22: Create Folder '/Users/crystark/Desktop/test/.git/objects/dc'
2016-06-14 20:28:22: Create Folder '/Users/crystark/Desktop/test/.git/objects/dd'
2016-06-14 20:28:22: Create Folder '/Users/crystark/Desktop/test/.git/objects/de'
2016-06-14 20:28:22: Create Folder '/Users/crystark/Desktop/test/.git/objects/df'
2016-06-14 20:28:22: Create Folder '/Users/crystark/Desktop/test/.git/objects/e1'
2016-06-14 20:28:22: Create Folder '/Users/crystark/Desktop/test/.git/objects/e3'
2016-06-14 20:28:22: Create Folder '/Users/crystark/Desktop/test/.git/objects/e5'
2016-06-14 20:28:22: Create Folder '/Users/crystark/Desktop/test/.git/objects/e8'
2016-06-14 20:28:22: Create Folder '/Users/crystark/Desktop/test/.git/objects/ea'
2016-06-14 20:28:22: Create Folder '/Users/crystark/Desktop/test/.git/objects/ec'
2016-06-14 20:28:22: Create Folder '/Users/crystark/Desktop/test/.git/objects/f2'
2016-06-14 20:28:22: Create Folder '/Users/crystark/Desktop/test/.git/objects/f3'
2016-06-14 20:28:22: Create Folder '/Users/crystark/Desktop/test/.git/objects/f4'
2016-06-14 20:28:22: Create Folder '/Users/crystark/Desktop/test/.git/objects/f5'
2016-06-14 20:28:22: Create Folder '/Users/crystark/Desktop/test/.git/objects/f6'
2016-06-14 20:28:22: Create Folder '/Users/crystark/Desktop/test/.git/objects/f7'
2016-06-14 20:28:22: Create Folder '/Users/crystark/Desktop/test/.git/objects/fb'
2016-06-14 20:28:22: Create Folder '/Users/crystark/Desktop/test/.git/objects/fd'
2016-06-14 20:28:22: Create Folder '/Users/crystark/Desktop/test/.git/objects/fe'
2016-06-14 20:28:22: Create Folder '/Users/crystark/Desktop/test/.git/objects/ff'
2016-06-14 20:28:22: Create Folder '/Users/crystark/Desktop/test/.git/objects/info'
2016-06-14 20:28:22: Create Folder '/Users/crystark/Desktop/test/.git/objects/pack'
2016-06-14 20:28:22: Create Folder '/Users/crystark/Desktop/test/.git/refs'
2016-06-14 20:28:22: Create Folder '/Users/crystark/Desktop/test/.git/refs/heads'
2016-06-14 20:28:22: Create Folder '/Users/crystark/Desktop/test/.git/refs/remotes'
2016-06-14 20:28:22: Create Folder '/Users/crystark/Desktop/test/.git/refs/remotes/origin'
2016-06-14 20:28:22: Create Folder '/Users/crystark/Desktop/test/.git/refs/tags'
2016-06-14 20:28:22: Create Folder '/Users/crystark/Desktop/test/css'
2016-06-14 20:28:22: Create Folder '/Users/crystark/Desktop/test/css/animate'
2016-06-14 20:28:22: Create Folder '/Users/crystark/Desktop/test/css/animate/source'
2016-06-14 20:28:22: Create Folder '/Users/crystark/Desktop/test/css/animate/source/attention_seekers'
2016-06-14 20:28:22: Create Folder '/Users/crystark/Desktop/test/css/animate/source/bouncing_entrances'
2016-06-14 20:28:22: Create Folder '/Users/crystark/Desktop/test/css/animate/source/bouncing_exits'
2016-06-14 20:28:22: Create Folder '/Users/crystark/Desktop/test/css/animate/source/fading_entrances'
2016-06-14 20:28:22: Create Folder '/Users/crystark/Desktop/test/css/animate/source/fading_exits'
2016-06-14 20:28:22: Create Folder '/Users/crystark/Desktop/test/css/animate/source/flippers'
2016-06-14 20:28:22: Create Folder '/Users/crystark/Desktop/test/css/animate/source/lightspeed'
2016-06-14 20:28:22: Create Folder '/Users/crystark/Desktop/test/css/animate/source/rotating_entrances'
2016-06-14 20:28:22: Create Folder '/Users/crystark/Desktop/test/css/animate/source/rotating_exits'
2016-06-14 20:28:22: Create Folder '/Users/crystark/Desktop/test/css/animate/source/sliding_entrances'
2016-06-14 20:28:22: Create Folder '/Users/crystark/Desktop/test/css/animate/source/sliding_exits'
2016-06-14 20:28:22: Create Folder '/Users/crystark/Desktop/test/css/animate/source/specials'
2016-06-14 20:28:22: Create Folder '/Users/crystark/Desktop/test/css/animate/source/zooming_entrances'
2016-06-14 20:28:22: Create Folder '/Users/crystark/Desktop/test/css/animate/source/zooming_exits'
2016-06-14 20:28:22: Create Folder '/Users/crystark/Desktop/test/fonts'
2016-06-14 20:28:22: Create Folder '/Users/crystark/Desktop/test/img'
2016-06-14 20:28:22: Create Folder '/Users/crystark/Desktop/test/js'
2016-06-14 20:28:24: Copy New 'ftp://31.170.164.47/public_html/wp-content/themes/wp_research/.git/COMMIT_EDITMSG' -> '/Users/crystark/Desktop/test/.git/COMMIT_EDITMSG'
2016-06-14 20:28:27: Copy New 'ftp://31.170.164.47/public_html/wp-content/themes/wp_research/.git/config' -> '/Users/crystark/Desktop/test/.git/config'
2016-06-14 20:28:28: Copy New 'ftp://31.170.164.47/public_html/wp-content/themes/wp_research/.git/description' -> '/Users/crystark/Desktop/test/.git/description'
2016-06-14 20:28:29: Copy New 'ftp://31.170.164.47/public_html/wp-content/themes/wp_research/.git/HEAD' -> '/Users/crystark/Desktop/test/.git/HEAD'
2016-06-14 20:28:31: Copy New 'ftp://31.170.164.47/public_html/wp-content/themes/wp_research/.git/hooks/applypatch-msg.sample' -> '/Users/crystark/Desktop/test/.git/hooks/applypatch-msg.sample'
2016-06-14 20:28:34: Copy New 'ftp://31.170.164.47/public_html/wp-content/themes/wp_research/.git/hooks/commit-msg.sample' -> '/Users/crystark/Desktop/test/.git/hooks/commit-msg.sample'
2016-06-14 20:28:36: Copy New 'ftp://31.170.164.47/public_html/wp-content/themes/wp_research/.git/hooks/post-update.sample' -> '/Users/crystark/Desktop/test/.git/hooks/post-update.sample'
2016-06-14 20:28:37: Copy New 'ftp://31.170.164.47/public_html/wp-content/themes/wp_research/.git/hooks/pre-applypatch.sample' -> '/Users/crystark/Desktop/test/.git/hooks/pre-applypatch.sample'
2016-06-14 20:28:39: Copy New 'ftp://31.170.164.47/public_html/wp-content/themes/wp_research/.git/hooks/pre-commit.sample' -> '/Users/crystark/Desktop/test/.git/hooks/pre-commit.sample'
2016-06-14 20:28:40: Copy New 'ftp://31.170.164.47/public_html/wp-content/themes/wp_research/.git/hooks/pre-push.sample' -> '/Users/crystark/Desktop/test/.git/hooks/pre-push.sample'
2016-06-14 20:28:41: Copy New 'ftp://31.170.164.47/public_html/wp-content/themes/wp_research/.git/hooks/pre-rebase.sample' -> '/Users/crystark/Desktop/test/.git/hooks/pre-rebase.sample'
2016-06-14 20:28:42: Copy New 'ftp://31.170.164.47/public_html/wp-content/themes/wp_research/.git/hooks/prepare-commit-msg.sample' -> '/Users/crystark/Desktop/test/.git/hooks/prepare-commit-msg.sample'
2016-06-14 20:28:44: Copy New 'ftp://31.170.164.47/public_html/wp-content/themes/wp_research/.git/hooks/update.sample' -> '/Users/crystark/Desktop/test/.git/hooks/update.sample'
2016-06-14 20:28:48: Copy New 'ftp://31.170.164.47/public_html/wp-content/themes/wp_research/.git/index' -> '/Users/crystark/Desktop/test/.git/index'
2016-06-14 20:28:50: Copy New 'ftp://31.170.164.47/public_html/wp-content/themes/wp_research/.git/info/exclude' -> '/Users/crystark/Desktop/test/.git/info/exclude'
2016-06-14 20:28:51: Copy New 'ftp://31.170.164.47/public_html/wp-content/themes/wp_research/.git/logs/HEAD' -> '/Users/crystark/Desktop/test/.git/logs/HEAD'
2016-06-14 20:28:54: Copy New 'ftp://31.170.164.47/public_html/wp-content/themes/wp_research/.git/logs/refs/heads/master' -> '/Users/crystark/Desktop/test/.git/logs/refs/heads/master'
2016-06-14 20:28:55: Copy New 'ftp://31.170.164.47/public_html/wp-content/themes/wp_research/.git/logs/refs/remotes/origin/HEAD' -> '/Users/crystark/Desktop/test/.git/logs/refs/remotes/origin/HEAD'
2016-06-14 20:28:57: Copy New 'ftp://31.170.164.47/public_html/wp-content/themes/wp_research/.git/logs/refs/remotes/origin/master' -> '/Users/crystark/Desktop/test/.git/logs/refs/remotes/origin/master'
2016-06-14 20:29:08: Copy New 'ftp://31.170.164.47/public_html/wp-content/themes/wp_research/.git/objects/03/b114b28d944085f00e67d348c2a4074c61308d' -> '/Users/crystark/Desktop/test/.git/objects/03/b114b28d944085f00e67d348c2a4074c61308d'
2016-06-14 20:29:09: Copy New 'ftp://31.170.164.47/public_html/wp-content/themes/wp_research/.git/objects/06/f4d8445d7ebcca69d694fc1efe8abd645a480c' -> '/Users/crystark/Desktop/test/.git/objects/06/f4d8445d7ebcca69d694fc1efe8abd645a480c'
2016-06-14 20:29:11: Copy New 'ftp://31.170.164.47/public_html/wp-content/themes/wp_research/.git/objects/08/7e941747dd8692d1b05831f4b51b2ce14b6eaf' -> '/Users/crystark/Desktop/test/.git/objects/08/7e941747dd8692d1b05831f4b51b2ce14b6eaf'
2016-06-14 20:29:15: Copy New 'ftp://31.170.164.47/public_html/wp-content/themes/wp_research/.git/objects/0c/03a9e4a4f945d007e91e7f8cfacba4f446bd84' -> '/Users/crystark/Desktop/test/.git/objects/0c/03a9e4a4f945d007e91e7f8cfacba4f446bd84'
2016-06-14 20:29:17: Copy New 'ftp://31.170.164.47/public_html/wp-content/themes/wp_research/.git/objects/0d/855a7209a6634026e955ac0cc5f63cf5d8b0cd' -> '/Users/crystark/Desktop/test/.git/objects/0d/855a7209a6634026e955ac0cc5f63cf5d8b0cd'
2016-06-14 20:29:20: Copy New 'ftp://31.170.164.47/public_html/wp-content/themes/wp_research/.git/objects/0e/d62a944a15787a9c97a64082fb3eceebaa3111' -> '/Users/crystark/Desktop/test/.git/objects/0e/d62a944a15787a9c97a64082fb3eceebaa3111'
2016-06-14 20:29:22: Copy New 'ftp://31.170.164.47/public_html/wp-content/themes/wp_research/.git/objects/0f/0bf9d07d92b4453f3df57cb5f5776b27bbd851' -> '/Users/crystark/Desktop/test/.git/objects/0f/0bf9d07d92b4453f3df57cb5f5776b27bbd851'
2016-06-14 20:29:24: Copy New 'ftp://31.170.164.47/public_html/wp-content/themes/wp_research/.git/objects/11/595b47da639322c0ed4fda439c2fa85071963f' -> '/Users/crystark/Desktop/test/.git/objects/11/595b47da639322c0ed4fda439c2fa85071963f'
2016-06-14 20:29:27: Copy New 'ftp://31.170.164.47/public_html/wp-content/themes/wp_research/.git/objects/12/77db9702b92f9fee3ac4536b963cb0fa7b8d29' -> '/Users/crystark/Desktop/test/.git/objects/12/77db9702b92f9fee3ac4536b963cb0fa7b8d29'
2016-06-14 20:29:28: Stop requested by User Request: #1
2016-06-14 20:29:28: Copy New 'ftp://31.170.164.47/public_html/wp-content/themes/wp_research/.git/objects/15/d608f500a30fc5a3fef9beee91488023330523' -> '/Users/crystark/Desktop/test/.git/objects/15/d608f500a30fc5a3fef9beee91488023330523'
- ERROR: Error copying file: stopped by User Request
2016-06-14 20:29:35: stopped by User Request
2016-06-14 20:29:35: 
