2016-06-16 17:55:33: -- Analysis Started by User
2016-06-16 17:55:33: L: State file does not exist: /Applications/XAMPP/htdocs/wordpress/wp-content/themes/CrystarkWP/_gsdata_/_file_state_v4._gs
2016-06-16 17:55:33: R: State file does not exist: /Volumes/DATA /CrystarkTEST/_gsdata_/_file_state_v4._gs
2016-06-16 17:55:33: Changes: 146, Conflicts: 0, CopyTime: 0, CopyState: 0/0, Errors: 0, All: 151
2016-06-16 17:55:33: Left to Right: Copy File: 146 
2016-06-16 17:55:33: -- Analysis Complete. Time 00:00:00, Speed: Many files/s
2016-06-16 17:55:33: 
2016-06-16 17:55:39: New _gsdata_ folder(s) created, so rescan all job folders for their ghosts
2016-06-16 17:55:39: == Sync Started by User
2016-06-16 17:55:39: Create Folder '/Volumes/DATA /CrystarkTEST/css'
2016-06-16 17:55:39: Create Folder '/Volumes/DATA /CrystarkTEST/css/animate'
2016-06-16 17:55:39: Create Folder '/Volumes/DATA /CrystarkTEST/css/animate/source'
2016-06-16 17:55:39: Create Folder '/Volumes/DATA /CrystarkTEST/css/animate/source/attention_seekers'
2016-06-16 17:55:39: Create Folder '/Volumes/DATA /CrystarkTEST/css/animate/source/bouncing_entrances'
2016-06-16 17:55:39: Create Folder '/Volumes/DATA /CrystarkTEST/css/animate/source/bouncing_exits'
2016-06-16 17:55:39: Create Folder '/Volumes/DATA /CrystarkTEST/css/animate/source/fading_entrances'
2016-06-16 17:55:39: Create Folder '/Volumes/DATA /CrystarkTEST/css/animate/source/fading_exits'
2016-06-16 17:55:39: Create Folder '/Volumes/DATA /CrystarkTEST/css/animate/source/flippers'
2016-06-16 17:55:39: Create Folder '/Volumes/DATA /CrystarkTEST/css/animate/source/lightspeed'
2016-06-16 17:55:39: Create Folder '/Volumes/DATA /CrystarkTEST/css/animate/source/rotating_entrances'
2016-06-16 17:55:39: Create Folder '/Volumes/DATA /CrystarkTEST/css/animate/source/rotating_exits'
2016-06-16 17:55:39: Create Folder '/Volumes/DATA /CrystarkTEST/css/animate/source/sliding_entrances'
2016-06-16 17:55:39: Create Folder '/Volumes/DATA /CrystarkTEST/css/animate/source/sliding_exits'
2016-06-16 17:55:39: Create Folder '/Volumes/DATA /CrystarkTEST/css/animate/source/specials'
2016-06-16 17:55:39: Create Folder '/Volumes/DATA /CrystarkTEST/css/animate/source/zooming_entrances'
2016-06-16 17:55:39: Create Folder '/Volumes/DATA /CrystarkTEST/css/animate/source/zooming_exits'
2016-06-16 17:55:39: Create Folder '/Volumes/DATA /CrystarkTEST/fonts'
2016-06-16 17:55:39: Create Folder '/Volumes/DATA /CrystarkTEST/img'
2016-06-16 17:55:39: Create Folder '/Volumes/DATA /CrystarkTEST/js'
2016-06-16 17:55:39: Copy New '/Applications/XAMPP/htdocs/wordpress/wp-content/themes/CrystarkWP/comments.php' -> '/Volumes/DATA /CrystarkTEST/comments.php'
2016-06-16 17:55:39: Copy New '/Applications/XAMPP/htdocs/wordpress/wp-content/themes/CrystarkWP/content.php' -> '/Volumes/DATA /CrystarkTEST/content.php'
2016-06-16 17:55:39: Copy New '/Applications/XAMPP/htdocs/wordpress/wp-content/themes/CrystarkWP/css/animate/animate-config.json' -> '/Volumes/DATA /CrystarkTEST/css/animate/animate-config.json'
2016-06-16 17:55:39: Copy New '/Applications/XAMPP/htdocs/wordpress/wp-content/themes/CrystarkWP/css/animate/animate.css' -> '/Volumes/DATA /CrystarkTEST/css/animate/animate.css'
2016-06-16 17:55:39: Copy New '/Applications/XAMPP/htdocs/wordpress/wp-content/themes/CrystarkWP/css/animate/animate.min.css' -> '/Volumes/DATA /CrystarkTEST/css/animate/animate.min.css'
2016-06-16 17:55:39: Copy New '/Applications/XAMPP/htdocs/wordpress/wp-content/themes/CrystarkWP/css/animate/bower.json' -> '/Volumes/DATA /CrystarkTEST/css/animate/bower.json'
2016-06-16 17:55:39: Copy New '/Applications/XAMPP/htdocs/wordpress/wp-content/themes/CrystarkWP/css/animate/gulpfile.js' -> '/Volumes/DATA /CrystarkTEST/css/animate/gulpfile.js'
2016-06-16 17:55:39: Copy New '/Applications/XAMPP/htdocs/wordpress/wp-content/themes/CrystarkWP/css/animate/LICENSE' -> '/Volumes/DATA /CrystarkTEST/css/animate/LICENSE'
2016-06-16 17:55:39: Copy New '/Applications/XAMPP/htdocs/wordpress/wp-content/themes/CrystarkWP/css/animate/package.json' -> '/Volumes/DATA /CrystarkTEST/css/animate/package.json'
2016-06-16 17:55:39: Copy New '/Applications/XAMPP/htdocs/wordpress/wp-content/themes/CrystarkWP/css/animate/README.md' -> '/Volumes/DATA /CrystarkTEST/css/animate/README.md'
2016-06-16 17:55:39: Copy New '/Applications/XAMPP/htdocs/wordpress/wp-content/themes/CrystarkWP/css/animate/source/_base.css' -> '/Volumes/DATA /CrystarkTEST/css/animate/source/_base.css'
2016-06-16 17:55:39: Copy New '/Applications/XAMPP/htdocs/wordpress/wp-content/themes/CrystarkWP/css/animate/source/attention_seekers/bounce.css' -> '/Volumes/DATA /CrystarkTEST/css/animate/source/attention_seekers/bounce.css'
2016-06-16 17:55:39: Copy New '/Applications/XAMPP/htdocs/wordpress/wp-content/themes/CrystarkWP/css/animate/source/attention_seekers/flash.css' -> '/Volumes/DATA /CrystarkTEST/css/animate/source/attention_seekers/flash.css'
2016-06-16 17:55:39: Copy New '/Applications/XAMPP/htdocs/wordpress/wp-content/themes/CrystarkWP/css/animate/source/attention_seekers/headShake.css' -> '/Volumes/DATA /CrystarkTEST/css/animate/source/attention_seekers/headShake.css'
2016-06-16 17:55:39: Copy New '/Applications/XAMPP/htdocs/wordpress/wp-content/themes/CrystarkWP/css/animate/source/attention_seekers/jello.css' -> '/Volumes/DATA /CrystarkTEST/css/animate/source/attention_seekers/jello.css'
2016-06-16 17:55:39: Copy New '/Applications/XAMPP/htdocs/wordpress/wp-content/themes/CrystarkWP/css/animate/source/attention_seekers/pulse.css' -> '/Volumes/DATA /CrystarkTEST/css/animate/source/attention_seekers/pulse.css'
2016-06-16 17:55:39: Copy New '/Applications/XAMPP/htdocs/wordpress/wp-content/themes/CrystarkWP/css/animate/source/attention_seekers/rubberBand.css' -> '/Volumes/DATA /CrystarkTEST/css/animate/source/attention_seekers/rubberBand.css'
2016-06-16 17:55:39: Copy New '/Applications/XAMPP/htdocs/wordpress/wp-content/themes/CrystarkWP/css/animate/source/attention_seekers/shake.css' -> '/Volumes/DATA /CrystarkTEST/css/animate/source/attention_seekers/shake.css'
2016-06-16 17:55:39: Copy New '/Applications/XAMPP/htdocs/wordpress/wp-content/themes/CrystarkWP/css/animate/source/attention_seekers/swing.css' -> '/Volumes/DATA /CrystarkTEST/css/animate/source/attention_seekers/swing.css'
2016-06-16 17:55:39: Copy New '/Applications/XAMPP/htdocs/wordpress/wp-content/themes/CrystarkWP/css/animate/source/attention_seekers/tada.css' -> '/Volumes/DATA /CrystarkTEST/css/animate/source/attention_seekers/tada.css'
2016-06-16 17:55:39: Copy New '/Applications/XAMPP/htdocs/wordpress/wp-content/themes/CrystarkWP/css/animate/source/attention_seekers/wobble.css' -> '/Volumes/DATA /CrystarkTEST/css/animate/source/attention_seekers/wobble.css'
2016-06-16 17:55:39: Copy New '/Applications/XAMPP/htdocs/wordpress/wp-content/themes/CrystarkWP/css/animate/source/bouncing_entrances/bounceIn.css' -> '/Volumes/DATA /CrystarkTEST/css/animate/source/bouncing_entrances/bounceIn.css'
2016-06-16 17:55:39: Copy New '/Applications/XAMPP/htdocs/wordpress/wp-content/themes/CrystarkWP/css/animate/source/bouncing_entrances/bounceInDown.css' -> '/Volumes/DATA /CrystarkTEST/css/animate/source/bouncing_entrances/bounceInDown.css'
2016-06-16 17:55:39: Copy New '/Applications/XAMPP/htdocs/wordpress/wp-content/themes/CrystarkWP/css/animate/source/bouncing_entrances/bounceInLeft.css' -> '/Volumes/DATA /CrystarkTEST/css/animate/source/bouncing_entrances/bounceInLeft.css'
2016-06-16 17:55:39: Copy New '/Applications/XAMPP/htdocs/wordpress/wp-content/themes/CrystarkWP/css/animate/source/bouncing_entrances/bounceInRight.css' -> '/Volumes/DATA /CrystarkTEST/css/animate/source/bouncing_entrances/bounceInRight.css'
2016-06-16 17:55:39: Copy New '/Applications/XAMPP/htdocs/wordpress/wp-content/themes/CrystarkWP/css/animate/source/bouncing_entrances/bounceInUp.css' -> '/Volumes/DATA /CrystarkTEST/css/animate/source/bouncing_entrances/bounceInUp.css'
2016-06-16 17:55:39: Copy New '/Applications/XAMPP/htdocs/wordpress/wp-content/themes/CrystarkWP/css/animate/source/bouncing_exits/bounceOut.css' -> '/Volumes/DATA /CrystarkTEST/css/animate/source/bouncing_exits/bounceOut.css'
2016-06-16 17:55:39: Copy New '/Applications/XAMPP/htdocs/wordpress/wp-content/themes/CrystarkWP/css/animate/source/bouncing_exits/bounceOutDown.css' -> '/Volumes/DATA /CrystarkTEST/css/animate/source/bouncing_exits/bounceOutDown.css'
2016-06-16 17:55:39: Copy New '/Applications/XAMPP/htdocs/wordpress/wp-content/themes/CrystarkWP/css/animate/source/bouncing_exits/bounceOutLeft.css' -> '/Volumes/DATA /CrystarkTEST/css/animate/source/bouncing_exits/bounceOutLeft.css'
2016-06-16 17:55:39: Copy New '/Applications/XAMPP/htdocs/wordpress/wp-content/themes/CrystarkWP/css/animate/source/bouncing_exits/bounceOutRight.css' -> '/Volumes/DATA /CrystarkTEST/css/animate/source/bouncing_exits/bounceOutRight.css'
2016-06-16 17:55:39: Copy New '/Applications/XAMPP/htdocs/wordpress/wp-content/themes/CrystarkWP/css/animate/source/bouncing_exits/bounceOutUp.css' -> '/Volumes/DATA /CrystarkTEST/css/animate/source/bouncing_exits/bounceOutUp.css'
2016-06-16 17:55:39: Copy New '/Applications/XAMPP/htdocs/wordpress/wp-content/themes/CrystarkWP/css/animate/source/fading_entrances/fadeIn.css' -> '/Volumes/DATA /CrystarkTEST/css/animate/source/fading_entrances/fadeIn.css'
2016-06-16 17:55:39: Copy New '/Applications/XAMPP/htdocs/wordpress/wp-content/themes/CrystarkWP/css/animate/source/fading_entrances/fadeInDown.css' -> '/Volumes/DATA /CrystarkTEST/css/animate/source/fading_entrances/fadeInDown.css'
2016-06-16 17:55:39: Copy New '/Applications/XAMPP/htdocs/wordpress/wp-content/themes/CrystarkWP/css/animate/source/fading_entrances/fadeInDownBig.css' -> '/Volumes/DATA /CrystarkTEST/css/animate/source/fading_entrances/fadeInDownBig.css'
2016-06-16 17:55:39: Copy New '/Applications/XAMPP/htdocs/wordpress/wp-content/themes/CrystarkWP/css/animate/source/fading_entrances/fadeInLeft.css' -> '/Volumes/DATA /CrystarkTEST/css/animate/source/fading_entrances/fadeInLeft.css'
2016-06-16 17:55:39: Copy New '/Applications/XAMPP/htdocs/wordpress/wp-content/themes/CrystarkWP/css/animate/source/fading_entrances/fadeInLeftBig.css' -> '/Volumes/DATA /CrystarkTEST/css/animate/source/fading_entrances/fadeInLeftBig.css'
2016-06-16 17:55:39: Copy New '/Applications/XAMPP/htdocs/wordpress/wp-content/themes/CrystarkWP/css/animate/source/fading_entrances/fadeInRight.css' -> '/Volumes/DATA /CrystarkTEST/css/animate/source/fading_entrances/fadeInRight.css'
2016-06-16 17:55:39: Copy New '/Applications/XAMPP/htdocs/wordpress/wp-content/themes/CrystarkWP/css/animate/source/fading_entrances/fadeInRightBig.css' -> '/Volumes/DATA /CrystarkTEST/css/animate/source/fading_entrances/fadeInRightBig.css'
2016-06-16 17:55:39: Copy New '/Applications/XAMPP/htdocs/wordpress/wp-content/themes/CrystarkWP/css/animate/source/fading_entrances/fadeInUp.css' -> '/Volumes/DATA /CrystarkTEST/css/animate/source/fading_entrances/fadeInUp.css'
2016-06-16 17:55:39: Copy New '/Applications/XAMPP/htdocs/wordpress/wp-content/themes/CrystarkWP/css/animate/source/fading_entrances/fadeInUpBig.css' -> '/Volumes/DATA /CrystarkTEST/css/animate/source/fading_entrances/fadeInUpBig.css'
2016-06-16 17:55:39: Copy New '/Applications/XAMPP/htdocs/wordpress/wp-content/themes/CrystarkWP/css/animate/source/fading_exits/fadeOut.css' -> '/Volumes/DATA /CrystarkTEST/css/animate/source/fading_exits/fadeOut.css'
2016-06-16 17:55:39: Copy New '/Applications/XAMPP/htdocs/wordpress/wp-content/themes/CrystarkWP/css/animate/source/fading_exits/fadeOutDown.css' -> '/Volumes/DATA /CrystarkTEST/css/animate/source/fading_exits/fadeOutDown.css'
2016-06-16 17:55:39: Copy New '/Applications/XAMPP/htdocs/wordpress/wp-content/themes/CrystarkWP/css/animate/source/fading_exits/fadeOutDownBig.css' -> '/Volumes/DATA /CrystarkTEST/css/animate/source/fading_exits/fadeOutDownBig.css'
2016-06-16 17:55:39: Copy New '/Applications/XAMPP/htdocs/wordpress/wp-content/themes/CrystarkWP/css/animate/source/fading_exits/fadeOutLeft.css' -> '/Volumes/DATA /CrystarkTEST/css/animate/source/fading_exits/fadeOutLeft.css'
2016-06-16 17:55:39: Copy New '/Applications/XAMPP/htdocs/wordpress/wp-content/themes/CrystarkWP/css/animate/source/fading_exits/fadeOutLeftBig.css' -> '/Volumes/DATA /CrystarkTEST/css/animate/source/fading_exits/fadeOutLeftBig.css'
2016-06-16 17:55:39: Copy New '/Applications/XAMPP/htdocs/wordpress/wp-content/themes/CrystarkWP/css/animate/source/fading_exits/fadeOutRight.css' -> '/Volumes/DATA /CrystarkTEST/css/animate/source/fading_exits/fadeOutRight.css'
2016-06-16 17:55:39: Copy New '/Applications/XAMPP/htdocs/wordpress/wp-content/themes/CrystarkWP/css/animate/source/fading_exits/fadeOutRightBig.css' -> '/Volumes/DATA /CrystarkTEST/css/animate/source/fading_exits/fadeOutRightBig.css'
2016-06-16 17:55:39: Copy New '/Applications/XAMPP/htdocs/wordpress/wp-content/themes/CrystarkWP/css/animate/source/fading_exits/fadeOutUp.css' -> '/Volumes/DATA /CrystarkTEST/css/animate/source/fading_exits/fadeOutUp.css'
2016-06-16 17:55:39: Copy New '/Applications/XAMPP/htdocs/wordpress/wp-content/themes/CrystarkWP/css/animate/source/fading_exits/fadeOutUpBig.css' -> '/Volumes/DATA /CrystarkTEST/css/animate/source/fading_exits/fadeOutUpBig.css'
2016-06-16 17:55:39: Copy New '/Applications/XAMPP/htdocs/wordpress/wp-content/themes/CrystarkWP/css/animate/source/flippers/flip.css' -> '/Volumes/DATA /CrystarkTEST/css/animate/source/flippers/flip.css'
2016-06-16 17:55:39: Copy New '/Applications/XAMPP/htdocs/wordpress/wp-content/themes/CrystarkWP/css/animate/source/flippers/flipInX.css' -> '/Volumes/DATA /CrystarkTEST/css/animate/source/flippers/flipInX.css'
2016-06-16 17:55:39: Copy New '/Applications/XAMPP/htdocs/wordpress/wp-content/themes/CrystarkWP/css/animate/source/flippers/flipInY.css' -> '/Volumes/DATA /CrystarkTEST/css/animate/source/flippers/flipInY.css'
2016-06-16 17:55:39: Copy New '/Applications/XAMPP/htdocs/wordpress/wp-content/themes/CrystarkWP/css/animate/source/flippers/flipOutX.css' -> '/Volumes/DATA /CrystarkTEST/css/animate/source/flippers/flipOutX.css'
2016-06-16 17:55:39: Copy New '/Applications/XAMPP/htdocs/wordpress/wp-content/themes/CrystarkWP/css/animate/source/flippers/flipOutY.css' -> '/Volumes/DATA /CrystarkTEST/css/animate/source/flippers/flipOutY.css'
2016-06-16 17:55:39: Copy New '/Applications/XAMPP/htdocs/wordpress/wp-content/themes/CrystarkWP/css/animate/source/lightspeed/lightSpeedIn.css' -> '/Volumes/DATA /CrystarkTEST/css/animate/source/lightspeed/lightSpeedIn.css'
2016-06-16 17:55:39: Copy New '/Applications/XAMPP/htdocs/wordpress/wp-content/themes/CrystarkWP/css/animate/source/lightspeed/lightSpeedOut.css' -> '/Volumes/DATA /CrystarkTEST/css/animate/source/lightspeed/lightSpeedOut.css'
2016-06-16 17:55:39: Copy New '/Applications/XAMPP/htdocs/wordpress/wp-content/themes/CrystarkWP/css/animate/source/rotating_entrances/rotateIn.css' -> '/Volumes/DATA /CrystarkTEST/css/animate/source/rotating_entrances/rotateIn.css'
2016-06-16 17:55:39: Copy New '/Applications/XAMPP/htdocs/wordpress/wp-content/themes/CrystarkWP/css/animate/source/rotating_entrances/rotateInDownLeft.css' -> '/Volumes/DATA /CrystarkTEST/css/animate/source/rotating_entrances/rotateInDownLeft.css'
2016-06-16 17:55:39: Copy New '/Applications/XAMPP/htdocs/wordpress/wp-content/themes/CrystarkWP/css/animate/source/rotating_entrances/rotateInDownRight.css' -> '/Volumes/DATA /CrystarkTEST/css/animate/source/rotating_entrances/rotateInDownRight.css'
2016-06-16 17:55:39: Copy New '/Applications/XAMPP/htdocs/wordpress/wp-content/themes/CrystarkWP/css/animate/source/rotating_entrances/rotateInUpLeft.css' -> '/Volumes/DATA /CrystarkTEST/css/animate/source/rotating_entrances/rotateInUpLeft.css'
2016-06-16 17:55:39: Copy New '/Applications/XAMPP/htdocs/wordpress/wp-content/themes/CrystarkWP/css/animate/source/rotating_entrances/rotateInUpRight.css' -> '/Volumes/DATA /CrystarkTEST/css/animate/source/rotating_entrances/rotateInUpRight.css'
2016-06-16 17:55:39: Copy New '/Applications/XAMPP/htdocs/wordpress/wp-content/themes/CrystarkWP/css/animate/source/rotating_exits/rotateOut.css' -> '/Volumes/DATA /CrystarkTEST/css/animate/source/rotating_exits/rotateOut.css'
2016-06-16 17:55:39: Copy New '/Applications/XAMPP/htdocs/wordpress/wp-content/themes/CrystarkWP/css/animate/source/rotating_exits/rotateOutDownLeft.css' -> '/Volumes/DATA /CrystarkTEST/css/animate/source/rotating_exits/rotateOutDownLeft.css'
2016-06-16 17:55:39: Copy New '/Applications/XAMPP/htdocs/wordpress/wp-content/themes/CrystarkWP/css/animate/source/rotating_exits/rotateOutDownRight.css' -> '/Volumes/DATA /CrystarkTEST/css/animate/source/rotating_exits/rotateOutDownRight.css'
2016-06-16 17:55:39: Copy New '/Applications/XAMPP/htdocs/wordpress/wp-content/themes/CrystarkWP/css/animate/source/rotating_exits/rotateOutUpLeft.css' -> '/Volumes/DATA /CrystarkTEST/css/animate/source/rotating_exits/rotateOutUpLeft.css'
2016-06-16 17:55:39: Copy New '/Applications/XAMPP/htdocs/wordpress/wp-content/themes/CrystarkWP/css/animate/source/rotating_exits/rotateOutUpRight.css' -> '/Volumes/DATA /CrystarkTEST/css/animate/source/rotating_exits/rotateOutUpRight.css'
2016-06-16 17:55:39: Copy New '/Applications/XAMPP/htdocs/wordpress/wp-content/themes/CrystarkWP/css/animate/source/sliding_entrances/slideInDown.css' -> '/Volumes/DATA /CrystarkTEST/css/animate/source/sliding_entrances/slideInDown.css'
2016-06-16 17:55:39: Copy New '/Applications/XAMPP/htdocs/wordpress/wp-content/themes/CrystarkWP/css/animate/source/sliding_entrances/slideInLeft.css' -> '/Volumes/DATA /CrystarkTEST/css/animate/source/sliding_entrances/slideInLeft.css'
2016-06-16 17:55:39: Copy New '/Applications/XAMPP/htdocs/wordpress/wp-content/themes/CrystarkWP/css/animate/source/sliding_entrances/slideInRight.css' -> '/Volumes/DATA /CrystarkTEST/css/animate/source/sliding_entrances/slideInRight.css'
2016-06-16 17:55:39: Copy New '/Applications/XAMPP/htdocs/wordpress/wp-content/themes/CrystarkWP/css/animate/source/sliding_entrances/slideInUp.css' -> '/Volumes/DATA /CrystarkTEST/css/animate/source/sliding_entrances/slideInUp.css'
2016-06-16 17:55:39: Copy New '/Applications/XAMPP/htdocs/wordpress/wp-content/themes/CrystarkWP/css/animate/source/sliding_exits/slideOutDown.css' -> '/Volumes/DATA /CrystarkTEST/css/animate/source/sliding_exits/slideOutDown.css'
2016-06-16 17:55:39: Copy New '/Applications/XAMPP/htdocs/wordpress/wp-content/themes/CrystarkWP/css/animate/source/sliding_exits/slideOutLeft.css' -> '/Volumes/DATA /CrystarkTEST/css/animate/source/sliding_exits/slideOutLeft.css'
2016-06-16 17:55:39: Copy New '/Applications/XAMPP/htdocs/wordpress/wp-content/themes/CrystarkWP/css/animate/source/sliding_exits/slideOutRight.css' -> '/Volumes/DATA /CrystarkTEST/css/animate/source/sliding_exits/slideOutRight.css'
2016-06-16 17:55:39: Copy New '/Applications/XAMPP/htdocs/wordpress/wp-content/themes/CrystarkWP/css/animate/source/sliding_exits/slideOutUp.css' -> '/Volumes/DATA /CrystarkTEST/css/animate/source/sliding_exits/slideOutUp.css'
2016-06-16 17:55:39: Copy New '/Applications/XAMPP/htdocs/wordpress/wp-content/themes/CrystarkWP/css/animate/source/specials/hinge.css' -> '/Volumes/DATA /CrystarkTEST/css/animate/source/specials/hinge.css'
2016-06-16 17:55:39: Copy New '/Applications/XAMPP/htdocs/wordpress/wp-content/themes/CrystarkWP/css/animate/source/specials/rollIn.css' -> '/Volumes/DATA /CrystarkTEST/css/animate/source/specials/rollIn.css'
2016-06-16 17:55:39: Copy New '/Applications/XAMPP/htdocs/wordpress/wp-content/themes/CrystarkWP/css/animate/source/specials/rollOut.css' -> '/Volumes/DATA /CrystarkTEST/css/animate/source/specials/rollOut.css'
2016-06-16 17:55:39: Copy New '/Applications/XAMPP/htdocs/wordpress/wp-content/themes/CrystarkWP/css/animate/source/zooming_entrances/zoomIn.css' -> '/Volumes/DATA /CrystarkTEST/css/animate/source/zooming_entrances/zoomIn.css'
2016-06-16 17:55:39: Copy New '/Applications/XAMPP/htdocs/wordpress/wp-content/themes/CrystarkWP/css/animate/source/zooming_entrances/zoomInDown.css' -> '/Volumes/DATA /CrystarkTEST/css/animate/source/zooming_entrances/zoomInDown.css'
2016-06-16 17:55:39: Copy New '/Applications/XAMPP/htdocs/wordpress/wp-content/themes/CrystarkWP/css/animate/source/zooming_entrances/zoomInLeft.css' -> '/Volumes/DATA /CrystarkTEST/css/animate/source/zooming_entrances/zoomInLeft.css'
2016-06-16 17:55:39: Copy New '/Applications/XAMPP/htdocs/wordpress/wp-content/themes/CrystarkWP/css/animate/source/zooming_entrances/zoomInRight.css' -> '/Volumes/DATA /CrystarkTEST/css/animate/source/zooming_entrances/zoomInRight.css'
2016-06-16 17:55:39: Copy New '/Applications/XAMPP/htdocs/wordpress/wp-content/themes/CrystarkWP/css/animate/source/zooming_entrances/zoomInUp.css' -> '/Volumes/DATA /CrystarkTEST/css/animate/source/zooming_entrances/zoomInUp.css'
2016-06-16 17:55:39: Copy New '/Applications/XAMPP/htdocs/wordpress/wp-content/themes/CrystarkWP/css/animate/source/zooming_exits/zoomOut.css' -> '/Volumes/DATA /CrystarkTEST/css/animate/source/zooming_exits/zoomOut.css'
2016-06-16 17:55:39: Copy New '/Applications/XAMPP/htdocs/wordpress/wp-content/themes/CrystarkWP/css/animate/source/zooming_exits/zoomOutDown.css' -> '/Volumes/DATA /CrystarkTEST/css/animate/source/zooming_exits/zoomOutDown.css'
2016-06-16 17:55:39: Copy New '/Applications/XAMPP/htdocs/wordpress/wp-content/themes/CrystarkWP/css/animate/source/zooming_exits/zoomOutLeft.css' -> '/Volumes/DATA /CrystarkTEST/css/animate/source/zooming_exits/zoomOutLeft.css'
2016-06-16 17:55:39: Copy New '/Applications/XAMPP/htdocs/wordpress/wp-content/themes/CrystarkWP/css/animate/source/zooming_exits/zoomOutRight.css' -> '/Volumes/DATA /CrystarkTEST/css/animate/source/zooming_exits/zoomOutRight.css'
2016-06-16 17:55:39: Copy New '/Applications/XAMPP/htdocs/wordpress/wp-content/themes/CrystarkWP/css/animate/source/zooming_exits/zoomOutUp.css' -> '/Volumes/DATA /CrystarkTEST/css/animate/source/zooming_exits/zoomOutUp.css'
2016-06-16 17:55:39: Copy New '/Applications/XAMPP/htdocs/wordpress/wp-content/themes/CrystarkWP/css/animations.css' -> '/Volumes/DATA /CrystarkTEST/css/animations.css'
2016-06-16 17:55:39: Copy New '/Applications/XAMPP/htdocs/wordpress/wp-content/themes/CrystarkWP/css/bootstrap-theme.css' -> '/Volumes/DATA /CrystarkTEST/css/bootstrap-theme.css'
2016-06-16 17:55:39: Copy New '/Applications/XAMPP/htdocs/wordpress/wp-content/themes/CrystarkWP/css/bootstrap-theme.css.map' -> '/Volumes/DATA /CrystarkTEST/css/bootstrap-theme.css.map'
2016-06-16 17:55:39: Copy New '/Applications/XAMPP/htdocs/wordpress/wp-content/themes/CrystarkWP/css/bootstrap-theme.min.css' -> '/Volumes/DATA /CrystarkTEST/css/bootstrap-theme.min.css'
2016-06-16 17:55:39: Copy New '/Applications/XAMPP/htdocs/wordpress/wp-content/themes/CrystarkWP/css/bootstrap-theme.min.css.map' -> '/Volumes/DATA /CrystarkTEST/css/bootstrap-theme.min.css.map'
2016-06-16 17:55:39: Copy New '/Applications/XAMPP/htdocs/wordpress/wp-content/themes/CrystarkWP/css/bootstrap.css' -> '/Volumes/DATA /CrystarkTEST/css/bootstrap.css'
2016-06-16 17:55:39: Copy New '/Applications/XAMPP/htdocs/wordpress/wp-content/themes/CrystarkWP/css/bootstrap.css.map' -> '/Volumes/DATA /CrystarkTEST/css/bootstrap.css.map'
2016-06-16 17:55:39: Copy New '/Applications/XAMPP/htdocs/wordpress/wp-content/themes/CrystarkWP/css/bootstrap.min.css' -> '/Volumes/DATA /CrystarkTEST/css/bootstrap.min.css'
2016-06-16 17:55:39: Copy New '/Applications/XAMPP/htdocs/wordpress/wp-content/themes/CrystarkWP/css/bootstrap.min.css.map' -> '/Volumes/DATA /CrystarkTEST/css/bootstrap.min.css.map'
2016-06-16 17:55:39: Copy New '/Applications/XAMPP/htdocs/wordpress/wp-content/themes/CrystarkWP/fonts/glyphicons-halflings-regular.eot' -> '/Volumes/DATA /CrystarkTEST/fonts/glyphicons-halflings-regular.eot'
2016-06-16 17:55:39: Copy New '/Applications/XAMPP/htdocs/wordpress/wp-content/themes/CrystarkWP/fonts/glyphicons-halflings-regular.svg' -> '/Volumes/DATA /CrystarkTEST/fonts/glyphicons-halflings-regular.svg'
2016-06-16 17:55:39: Copy New '/Applications/XAMPP/htdocs/wordpress/wp-content/themes/CrystarkWP/fonts/glyphicons-halflings-regular.ttf' -> '/Volumes/DATA /CrystarkTEST/fonts/glyphicons-halflings-regular.ttf'
2016-06-16 17:55:39: Copy New '/Applications/XAMPP/htdocs/wordpress/wp-content/themes/CrystarkWP/fonts/glyphicons-halflings-regular.woff' -> '/Volumes/DATA /CrystarkTEST/fonts/glyphicons-halflings-regular.woff'
2016-06-16 17:55:39: Copy New '/Applications/XAMPP/htdocs/wordpress/wp-content/themes/CrystarkWP/fonts/glyphicons-halflings-regular.woff2' -> '/Volumes/DATA /CrystarkTEST/fonts/glyphicons-halflings-regular.woff2'
2016-06-16 17:55:39: Copy New '/Applications/XAMPP/htdocs/wordpress/wp-content/themes/CrystarkWP/footer.php' -> '/Volumes/DATA /CrystarkTEST/footer.php'
2016-06-16 17:55:39: Copy New '/Applications/XAMPP/htdocs/wordpress/wp-content/themes/CrystarkWP/functions.php' -> '/Volumes/DATA /CrystarkTEST/functions.php'
2016-06-16 17:55:39: Copy New '/Applications/XAMPP/htdocs/wordpress/wp-content/themes/CrystarkWP/header.php' -> '/Volumes/DATA /CrystarkTEST/header.php'
2016-06-16 17:55:39: Copy New '/Applications/XAMPP/htdocs/wordpress/wp-content/themes/CrystarkWP/img/cover4.jpg' -> '/Volumes/DATA /CrystarkTEST/img/cover4.jpg'
2016-06-16 17:55:39: Copy New '/Applications/XAMPP/htdocs/wordpress/wp-content/themes/CrystarkWP/img/logo.png' -> '/Volumes/DATA /CrystarkTEST/img/logo.png'
2016-06-16 17:55:39: Copy New '/Applications/XAMPP/htdocs/wordpress/wp-content/themes/CrystarkWP/index.php' -> '/Volumes/DATA /CrystarkTEST/index.php'
2016-06-16 17:55:39: Copy New '/Applications/XAMPP/htdocs/wordpress/wp-content/themes/CrystarkWP/js/activate_stellar.js' -> '/Volumes/DATA /CrystarkTEST/js/activate_stellar.js'
2016-06-16 17:55:39: Copy New '/Applications/XAMPP/htdocs/wordpress/wp-content/themes/CrystarkWP/js/bootstrap.js' -> '/Volumes/DATA /CrystarkTEST/js/bootstrap.js'
2016-06-16 17:55:39: Copy New '/Applications/XAMPP/htdocs/wordpress/wp-content/themes/CrystarkWP/js/bootstrap.min.js' -> '/Volumes/DATA /CrystarkTEST/js/bootstrap.min.js'
2016-06-16 17:55:39: Copy New '/Applications/XAMPP/htdocs/wordpress/wp-content/themes/CrystarkWP/js/css3-animate-it.js' -> '/Volumes/DATA /CrystarkTEST/js/css3-animate-it.js'
2016-06-16 17:55:39: Copy New '/Applications/XAMPP/htdocs/wordpress/wp-content/themes/CrystarkWP/js/google_maps.js' -> '/Volumes/DATA /CrystarkTEST/js/google_maps.js'
2016-06-16 17:55:39: Copy New '/Applications/XAMPP/htdocs/wordpress/wp-content/themes/CrystarkWP/js/jquery-2.2.3.min.js' -> '/Volumes/DATA /CrystarkTEST/js/jquery-2.2.3.min.js'
2016-06-16 17:55:39: Copy New '/Applications/XAMPP/htdocs/wordpress/wp-content/themes/CrystarkWP/js/masonry.pkgd.min.js' -> '/Volumes/DATA /CrystarkTEST/js/masonry.pkgd.min.js'
2016-06-16 17:55:39: Copy New '/Applications/XAMPP/htdocs/wordpress/wp-content/themes/CrystarkWP/js/my_masonry.js' -> '/Volumes/DATA /CrystarkTEST/js/my_masonry.js'
2016-06-16 17:55:39: Copy New '/Applications/XAMPP/htdocs/wordpress/wp-content/themes/CrystarkWP/js/npm.js' -> '/Volumes/DATA /CrystarkTEST/js/npm.js'
2016-06-16 17:55:39: Copy New '/Applications/XAMPP/htdocs/wordpress/wp-content/themes/CrystarkWP/js/parallax-handcode.js' -> '/Volumes/DATA /CrystarkTEST/js/parallax-handcode.js'
2016-06-16 17:55:39: Copy New '/Applications/XAMPP/htdocs/wordpress/wp-content/themes/CrystarkWP/page-about.php' -> '/Volumes/DATA /CrystarkTEST/page-about.php'
2016-06-16 17:55:39: Copy New '/Applications/XAMPP/htdocs/wordpress/wp-content/themes/CrystarkWP/page-contact.php' -> '/Volumes/DATA /CrystarkTEST/page-contact.php'
2016-06-16 17:55:39: Copy New '/Applications/XAMPP/htdocs/wordpress/wp-content/themes/CrystarkWP/page-portfolio.php' -> '/Volumes/DATA /CrystarkTEST/page-portfolio.php'
2016-06-16 17:55:39: Copy New '/Applications/XAMPP/htdocs/wordpress/wp-content/themes/CrystarkWP/screenshot.png' -> '/Volumes/DATA /CrystarkTEST/screenshot.png'
2016-06-16 17:55:39: Copy New '/Applications/XAMPP/htdocs/wordpress/wp-content/themes/CrystarkWP/search.php' -> '/Volumes/DATA /CrystarkTEST/search.php'
2016-06-16 17:55:39: Copy New '/Applications/XAMPP/htdocs/wordpress/wp-content/themes/CrystarkWP/searchform.php' -> '/Volumes/DATA /CrystarkTEST/searchform.php'
2016-06-16 17:55:39: Copy New '/Applications/XAMPP/htdocs/wordpress/wp-content/themes/CrystarkWP/single.php' -> '/Volumes/DATA /CrystarkTEST/single.php'
2016-06-16 17:55:39: Copy New '/Applications/XAMPP/htdocs/wordpress/wp-content/themes/CrystarkWP/style.css' -> '/Volumes/DATA /CrystarkTEST/style.css'
2016-06-16 17:55:39: Copy New '/Applications/XAMPP/htdocs/wordpress/wp-content/themes/CrystarkWP/wp_bootstrap_navwalker.php' -> '/Volumes/DATA /CrystarkTEST/wp_bootstrap_navwalker.php'
2016-06-16 17:55:39: == Sync Complete. Time: 00:00:00, Speed: 0.0/s, OK: 146, Errors: 0
2016-06-16 17:55:39: 
